18/09/06 10:06:40 WARN LivyConf: The configuration key livy.server.access_control.enabled has been deprecated as of Livy 0.4 and may be removed in the future. Please use the new key livy.server.access-control.enabled instead.
18/09/06 10:06:40 WARN LivyConf: The configuration key livy.server.access_control.users has been deprecated as of Livy 0.4 and may be removed in the future. 
18/09/06 10:06:40 INFO AccessManager: AccessControlManager acls enabled;users with view permission: ;users with modify permission: ;users with super permission: ;other allowed users: *
18/09/06 10:06:40 INFO LineBufferedStream: stdout: Welcome to
18/09/06 10:06:40 INFO LineBufferedStream: stdout:       ____              __
18/09/06 10:06:40 INFO LineBufferedStream: stdout:      / __/__  ___ _____/ /__
18/09/06 10:06:40 INFO LineBufferedStream: stdout:     _\ \/ _ \/ _ `/ __/  '_/
18/09/06 10:06:40 INFO LineBufferedStream: stdout:    /___/ .__/\_,_/_/ /_/\_\   version 2.1.0.cloudera2
18/09/06 10:06:40 INFO LineBufferedStream: stdout:       /_/
18/09/06 10:06:40 INFO LineBufferedStream: stdout:                         
18/09/06 10:06:40 INFO LineBufferedStream: stdout: Using Scala version 2.11.8, Java HotSpot(TM) 64-Bit Server VM, 1.8.0_181
18/09/06 10:06:40 INFO LineBufferedStream: stdout: Branch HEAD
18/09/06 10:06:40 INFO LineBufferedStream: stdout: Compiled by user jenkins on 2017-09-25T20:04:18Z
18/09/06 10:06:40 INFO LineBufferedStream: stdout: Revision bc2bd6e5ca1ff00867517f079021ab61d0e965ba
18/09/06 10:06:40 INFO LineBufferedStream: stdout: Url git://github.mtv.cloudera.com/cdh/spark.git
18/09/06 10:06:40 INFO LineBufferedStream: stdout: Type --help for more information.
18/09/06 10:06:40 DEBUG MutableMetricsFactory: field org.apache.hadoop.metrics2.lib.MutableRate org.apache.hadoop.security.UserGroupInformation$UgiMetrics.loginSuccess with annotation @org.apache.hadoop.metrics2.annotation.Metric(about=, sampleName=Ops, always=false, type=DEFAULT, value=[Rate of successful kerberos logins and latency (milliseconds)], valueName=Time)
18/09/06 10:06:40 DEBUG MutableMetricsFactory: field org.apache.hadoop.metrics2.lib.MutableRate org.apache.hadoop.security.UserGroupInformation$UgiMetrics.loginFailure with annotation @org.apache.hadoop.metrics2.annotation.Metric(about=, sampleName=Ops, always=false, type=DEFAULT, value=[Rate of failed kerberos logins and latency (milliseconds)], valueName=Time)
18/09/06 10:06:40 DEBUG MutableMetricsFactory: field org.apache.hadoop.metrics2.lib.MutableRate org.apache.hadoop.security.UserGroupInformation$UgiMetrics.getGroups with annotation @org.apache.hadoop.metrics2.annotation.Metric(about=, sampleName=Ops, always=false, type=DEFAULT, value=[GetGroups], valueName=Time)
18/09/06 10:06:40 DEBUG MetricsSystemImpl: UgiMetrics, User and group related metrics
18/09/06 10:06:41 DEBUG Shell: setsid exited with exit code 0
18/09/06 10:06:41 DEBUG Groups:  Creating new Groups object
18/09/06 10:06:41 DEBUG Groups: Group mapping impl=org.apache.hadoop.security.ShellBasedUnixGroupsMapping; cacheTimeout=300000; warningDeltaMs=5000
18/09/06 10:06:41 DEBUG LivyServer: Ran kinit command successfully.
18/09/06 10:06:41 DEBUG AbstractService: Service: org.apache.hadoop.yarn.client.api.impl.YarnClientImpl entered state INITED
18/09/06 10:06:41 DEBUG UserGroupInformation: hadoop login
18/09/06 10:06:41 INFO StateStore$: Using BlackholeStateStore for recovery.
18/09/06 10:06:41 DEBUG UserGroupInformation: hadoop login commit
18/09/06 10:06:41 DEBUG UserGroupInformation: using kerberos user:podium@C21.HADOOP.example.com
18/09/06 10:06:41 DEBUG UserGroupInformation: Using user: "podium@C21.HADOOP.example.com" with name podium@C21.HADOOP.example.com
18/09/06 10:06:41 DEBUG UserGroupInformation: User entry: "podium@C21.HADOOP.example.com"
18/09/06 10:06:41 DEBUG UserGroupInformation: UGI loginUser:podium@C21.HADOOP.example.com (auth:KERBEROS)
18/09/06 10:06:41 INFO BatchSessionManager: Recovered 0 batch sessions. Next session id: 0
18/09/06 10:06:41 INFO InteractiveSessionManager: Recovered 0 interactive sessions. Next session id: 0
18/09/06 10:06:41 DEBUG UserGroupInformation: Found tgt Ticket (hex) = 
0000: 61 82 01 53 30 82 01 4F   A0 03 02 01 05 A1 13 1B  a..S0..O........
0010: 11 43 32 31 2E 48 41 44   4F 4F 50 2E 54 44 2E 43  .C21.HADOOP.ex.c
0020: 4F 4D A2 26 30 24 A0 03   02 01 02 A1 1D 30 1B 1B  OM.&0$.......0..
0030: 06 6B 72 62 74 67 74 1B   11 43 32 31 2E 48 41 44  .krbtgt..C21.HAD
0040: 4F 4F 50 2E 54 44 2E 43   4F 4D A3 82 01 09 30 82  OOP.example.com....0.
0050: 01 05 A0 03 02 01 11 A1   03 02 01 01 A2 81 F8 04  ................
0060: 81 F5 2D AC 5E C2 77 79   DE F1 E7 89 1E F6 AD F5  ..-.^.wy........
0070: 53 9D 36 80 2D D1 88 50   22 11 00 C7 CF A3 B3 B0  S.6.-..P".......
0080: C6 51 38 BB E5 D9 04 07   E5 78 42 D9 F1 9D E0 FB  .Q8......xB.....
0090: 6A 6A 26 7A A9 B1 39 96   5C A8 0D A3 0F 87 67 59  jj&z..9.\.....gY
00A0: 39 C8 50 A7 43 64 FA 1B   A3 F8 E9 20 89 EE 7E FC  9.P.Cd..... ....
00B0: 7C B8 E8 32 7F 78 A6 E8   E7 B9 17 DC 40 8A 05 0E  ...2.x......@...
00C0: 68 17 E0 57 C9 ED 6A ED   EF CD BD 92 42 DE E3 49  h..W..j.....B..I
00D0: 95 AB 88 34 15 D0 4E 5C   14 E6 62 A2 36 E5 92 EE  ...4..N\..b.6...
00E0: 24 08 18 31 B8 01 86 10   B9 15 38 E1 BD FD FE 8B  $..1......8.....
00F0: 97 66 61 E1 0C B6 59 D7   52 4F 2F 2E A8 D8 E4 EA  .fa...Y.RO/.....
0100: B9 E9 64 C1 CE D7 0D 21   46 06 5C 2C 34 EF 36 02  ..d....!F.\,4.6.
0110: 42 D4 EA BE B4 7C EC 2A   AB 0D CA 07 FD 5D 44 16  B......*.....]D.
0120: F8 D1 74 77 64 65 E6 0B   7F 00 2A 35 46 8F F3 BB  ..twde....*5F...
0130: 57 2F 7F 49 8C A3 78 97   A1 79 E6 19 D9 9F 6C 4E  W/.I..x..y....lN
0140: 78 C1 05 19 7F 49 E8 60   A3 BC F3 0B 8E 49 81 13  x....I.`.....I..
0150: CD D8 9F CB B2 3E D1                               .....>.

Client Principal = podium@C21.HADOOP.example.com
Server Principal = krbtgt/C21.HADOOP.example.com@C21.HADOOP.example.com
Session Key = EncryptionKey: keyType=23 keyBytes (hex dump)=
0000: 26 E1 A2 C7 51 09 1B E7   D3 B6 77 FF 87 ED 2F 27  &...Q.....w.../'


Forwardable Ticket false
Forwarded Ticket false
Proxiable Ticket false
Proxy Ticket false
Postdated Ticket false
Renewable Ticket true
Initial Ticket true
Auth Time = Thu Sep 06 10:06:41 EDT 2018
Start Time = Thu Sep 06 10:06:41 EDT 2018
End Time = Thu Sep 06 20:06:41 EDT 2018
Renew Till = Fri Sep 07 10:06:41 EDT 2018
Client Addresses  Null 
18/09/06 10:06:41 DEBUG UserGroupInformation: PrivilegedAction as:podium@C21.HADOOP.example.com (auth:KERBEROS) from:org.apache.hadoop.yarn.client.RMProxy.getProxy(RMProxy.java:136)
18/09/06 10:06:41 DEBUG UserGroupInformation: Current time is 1536242801333
18/09/06 10:06:41 INFO InteractiveSessionManager: Heartbeat watchdog thread started.
18/09/06 10:06:41 DEBUG UserGroupInformation: Next refresh is 1536271601000
18/09/06 10:06:41 DEBUG YarnRPC: Creating YarnRPC for org.apache.hadoop.yarn.ipc.HadoopYarnProtoRPC
18/09/06 10:06:41 DEBUG HadoopYarnProtoRPC: Creating a HadoopYarnProtoRpc proxy for protocol interface org.apache.hadoop.yarn.api.ApplicationClientProtocol
18/09/06 10:06:41 DEBUG log: Logging to org.slf4j.impl.Log4jLoggerAdapter(org.eclipse.jetty.util.log) via org.eclipse.jetty.util.log.Slf4jLog
18/09/06 10:06:41 INFO log: Logging initialized @1744ms
18/09/06 10:06:41 DEBUG ContainerLifeCycle: org.eclipse.jetty.server.Server@130e116b added {qtp998062648{STOPPED,8<=0<=200,i=0,q=0},AUTO}
18/09/06 10:06:41 DEBUG ContainerLifeCycle: HttpConnectionFactory@e57b96d{HTTP/1.1} added {HttpConfiguration@32c726ee{32768/8192,131072/131072,https://:0,[]},POJO}
18/09/06 10:06:41 DEBUG ContainerLifeCycle: ServerConnector@49ff7d8c{null}{0.0.0.0:0} added {org.eclipse.jetty.server.Server@130e116b,UNMANAGED}
18/09/06 10:06:41 DEBUG ContainerLifeCycle: ServerConnector@49ff7d8c{null}{0.0.0.0:0} added {qtp998062648{STOPPED,8<=0<=200,i=0,q=0},AUTO}
18/09/06 10:06:41 DEBUG ContainerLifeCycle: ServerConnector@49ff7d8c{null}{0.0.0.0:0} added {org.eclipse.jetty.util.thread.ScheduledExecutorScheduler@36328d33,AUTO}
18/09/06 10:06:41 DEBUG ContainerLifeCycle: ServerConnector@49ff7d8c{null}{0.0.0.0:0} added {org.eclipse.jetty.io.ArrayByteBufferPool@29526c05,POJO}
18/09/06 10:06:41 DEBUG ContainerLifeCycle: ServerConnector@49ff7d8c{null}{0.0.0.0:0} added {HttpConnectionFactory@e57b96d{HTTP/1.1},AUTO}
18/09/06 10:06:41 DEBUG ContainerLifeCycle: ServerConnector@49ff7d8c{HTTP/1.1}{0.0.0.0:0} added {org.eclipse.jetty.server.ServerConnector$ServerConnectorManager@58be6e8,MANAGED}
18/09/06 10:06:41 DEBUG ContainerLifeCycle: org.eclipse.jetty.server.Server@130e116b added {ServerConnector@49ff7d8c{HTTP/1.1}{0.0.0.0:8998},AUTO}
18/09/06 10:06:41 DEBUG Server: rpcKind=RPC_PROTOCOL_BUFFER, rpcRequestWrapperClass=class org.apache.hadoop.ipc.ProtobufRpcEngine$RpcRequestWrapper, rpcInvoker=org.apache.hadoop.ipc.ProtobufRpcEngine$Server$ProtoBufRpcInvoker@52421f67
18/09/06 10:06:41 DEBUG Client: getting client out of cache: org.apache.hadoop.ipc.Client@17917f3
18/09/06 10:06:41 DEBUG ContainerLifeCycle: o.e.j.s.ServletContextHandler@31dadd46{/,null,null} added {org.eclipse.jetty.servlet.ServletHandler@4ed5eb72,AUTO}
18/09/06 10:06:41 DEBUG ContainerLifeCycle: org.eclipse.jetty.servlet.ServletHandler@4ed5eb72 added {org.eclipse.jetty.servlet.DefaultServlet-68b32e3e@26b99437==org.eclipse.jetty.servlet.DefaultServlet,-1,false,AUTO}
18/09/06 10:06:41 DEBUG ContainerLifeCycle: org.eclipse.jetty.servlet.ServletHandler@4ed5eb72 added {[/]=>org.eclipse.jetty.servlet.DefaultServlet-68b32e3e,POJO}
18/09/06 10:06:41 DEBUG ContainerLifeCycle: org.eclipse.jetty.server.handler.HandlerCollection@7d1cfb8b[o.e.j.s.ServletContextHandler@31dadd46{/,null,null}] added {o.e.j.s.ServletContextHandler@31dadd46{/,null,null},AUTO}
18/09/06 10:06:41 DEBUG ContainerLifeCycle: org.eclipse.jetty.server.handler.RequestLogHandler@535779e4 added {org.eclipse.jetty.server.NCSARequestLog@53fd0d10,AUTO}
18/09/06 10:06:41 DEBUG ContainerLifeCycle: org.eclipse.jetty.server.handler.HandlerCollection@7d1cfb8b[o.e.j.s.ServletContextHandler@31dadd46{/,null,null}, org.eclipse.jetty.server.handler.RequestLogHandler@535779e4] added {org.eclipse.jetty.server.handler.RequestLogHandler@535779e4,AUTO}
18/09/06 10:06:41 DEBUG ContainerLifeCycle: org.eclipse.jetty.server.Server@130e116b added {org.eclipse.jetty.server.handler.HandlerCollection@7d1cfb8b[o.e.j.s.ServletContextHandler@31dadd46{/,null,null}, org.eclipse.jetty.server.handler.RequestLogHandler@535779e4],AUTO}
18/09/06 10:06:41 DEBUG ContainerLifeCycle: org.eclipse.jetty.servlet.ServletHandler@4ed5eb72 added {org.apache.hadoop.security.authentication.server.AuthenticationFilter-7642df8f,AUTO}
18/09/06 10:06:41 DEBUG ContainerLifeCycle: org.eclipse.jetty.servlet.ServletHandler@4ed5eb72 added {[/*]/[]==31=>org.apache.hadoop.security.authentication.server.AuthenticationFilter-7642df8f,POJO}
18/09/06 10:06:41 INFO LivyServer: SPNEGO auth enabled (principal = podium)
18/09/06 10:06:41 INFO LivyServer: Access control is enabled
18/09/06 10:06:41 DEBUG ContainerLifeCycle: org.eclipse.jetty.servlet.ServletHandler@4ed5eb72 added {org.apache.livy.server.AccessFilter-49d3c823,AUTO}
18/09/06 10:06:41 DEBUG ContainerLifeCycle: org.eclipse.jetty.servlet.ServletHandler@4ed5eb72 added {[/*]/[]==31=>org.apache.livy.server.AccessFilter-49d3c823,POJO}
18/09/06 10:06:41 DEBUG AbstractLifeCycle: starting org.eclipse.jetty.server.Server@130e116b
18/09/06 10:06:41 INFO Server: jetty-9.2.16.v20160414
18/09/06 10:06:41 DEBUG AbstractHandler: starting org.eclipse.jetty.server.Server@130e116b
18/09/06 10:06:41 DEBUG AbstractLifeCycle: starting qtp998062648{STOPPED,8<=0<=200,i=0,q=0}
18/09/06 10:06:41 DEBUG AbstractLifeCycle: STARTED @1929ms qtp998062648{STARTED,8<=8<=200,i=8,q=0}
18/09/06 10:06:41 DEBUG AbstractLifeCycle: starting org.eclipse.jetty.server.handler.HandlerCollection@7d1cfb8b[o.e.j.s.ServletContextHandler@31dadd46{/,file:/opt/livy-0.5.0-incubating-bin/bin/src/main/org/apache/livy/server,null}, org.eclipse.jetty.server.handler.RequestLogHandler@535779e4]
18/09/06 10:06:41 DEBUG AbstractHandler: starting org.eclipse.jetty.server.handler.HandlerCollection@7d1cfb8b[o.e.j.s.ServletContextHandler@31dadd46{/,file:/opt/livy-0.5.0-incubating-bin/bin/src/main/org/apache/livy/server,null}, org.eclipse.jetty.server.handler.RequestLogHandler@535779e4]
18/09/06 10:06:41 DEBUG AbstractLifeCycle: starting o.e.j.s.ServletContextHandler@31dadd46{/,file:/opt/livy-0.5.0-incubating-bin/bin/src/main/org/apache/livy/server,null}
18/09/06 10:06:41 DEBUG AbstractService: Service org.apache.hadoop.yarn.client.api.impl.YarnClientImpl is started
18/09/06 10:06:41 DEBUG AbstractHandler: starting o.e.j.s.ServletContextHandler@31dadd46{/,file:/opt/livy-0.5.0-incubating-bin/bin/src/main/org/apache/livy/server,STARTING}
18/09/06 10:06:41 DEBUG AbstractLifeCycle: starting org.eclipse.jetty.servlet.ServletHandler@4ed5eb72
18/09/06 10:06:41 DEBUG ServletHandler: Chose path=/ mapped to servlet=org.eclipse.jetty.servlet.DefaultServlet-68b32e3e from default=false
18/09/06 10:06:41 DEBUG ServletHandler: filterNameMap={org.apache.hadoop.security.authentication.server.AuthenticationFilter-7642df8f=org.apache.hadoop.security.authentication.server.AuthenticationFilter-7642df8f, org.apache.livy.server.AccessFilter-49d3c823=org.apache.livy.server.AccessFilter-49d3c823}
18/09/06 10:06:41 DEBUG ServletHandler: pathFilters=[[/*]/[]==31=>org.apache.hadoop.security.authentication.server.AuthenticationFilter-7642df8f, [/*]/[]==31=>org.apache.livy.server.AccessFilter-49d3c823]
18/09/06 10:06:41 DEBUG ServletHandler: servletFilterMap={}
18/09/06 10:06:41 DEBUG ServletHandler: servletPathMap={/=org.eclipse.jetty.servlet.DefaultServlet-68b32e3e@26b99437==org.eclipse.jetty.servlet.DefaultServlet,-1,false}
18/09/06 10:06:41 DEBUG ServletHandler: servletNameMap={org.eclipse.jetty.servlet.DefaultServlet-68b32e3e=org.eclipse.jetty.servlet.DefaultServlet-68b32e3e@26b99437==org.eclipse.jetty.servlet.DefaultServlet,-1,false}
18/09/06 10:06:41 DEBUG AbstractHandler: starting org.eclipse.jetty.servlet.ServletHandler@4ed5eb72
18/09/06 10:06:41 DEBUG AbstractLifeCycle: STARTED @1943ms org.eclipse.jetty.servlet.ServletHandler@4ed5eb72
18/09/06 10:06:41 DEBUG ContextHandler: contextInitialized: javax.servlet.ServletContextEvent[source=ServletContext@o.e.j.s.ServletContextHandler@31dadd46{/,file:/opt/livy-0.5.0-incubating-bin/bin/src/main/org/apache/livy/server,STARTING}]->org.apache.livy.server.LivyServer$$anon$4@10ded6a9
18/09/06 10:06:41 DEBUG ContainerLifeCycle: org.eclipse.jetty.servlet.ServletHandler@4ed5eb72 added {org.apache.livy.server.interactive.InteractiveSessionServlet@4dadd512==org.apache.livy.server.interactive.InteractiveSessionServlet,-1,true,UNMANAGED}
18/09/06 10:06:41 DEBUG ContainerLifeCycle: org.eclipse.jetty.servlet.ServletHandler@4ed5eb72 added {[/sessions/*]=>org.apache.livy.server.interactive.InteractiveSessionServlet,POJO}
18/09/06 10:06:41 DEBUG ServletHandler: Chose path=/sessions/* mapped to servlet=org.apache.livy.server.interactive.InteractiveSessionServlet from default=false
18/09/06 10:06:41 DEBUG ServletHandler: Chose path=/ mapped to servlet=org.eclipse.jetty.servlet.DefaultServlet-68b32e3e from default=false
18/09/06 10:06:41 DEBUG ServletHandler: filterNameMap={org.apache.hadoop.security.authentication.server.AuthenticationFilter-7642df8f=org.apache.hadoop.security.authentication.server.AuthenticationFilter-7642df8f, org.apache.livy.server.AccessFilter-49d3c823=org.apache.livy.server.AccessFilter-49d3c823}
18/09/06 10:06:41 DEBUG ServletHandler: pathFilters=[[/*]/[]==31=>org.apache.hadoop.security.authentication.server.AuthenticationFilter-7642df8f, [/*]/[]==31=>org.apache.livy.server.AccessFilter-49d3c823]
18/09/06 10:06:41 DEBUG ServletHandler: servletFilterMap={}
18/09/06 10:06:41 DEBUG ServletHandler: servletPathMap={/sessions/*=org.apache.livy.server.interactive.InteractiveSessionServlet@4dadd512==org.apache.livy.server.interactive.InteractiveSessionServlet,-1,true, /=org.eclipse.jetty.servlet.DefaultServlet-68b32e3e@26b99437==org.eclipse.jetty.servlet.DefaultServlet,-1,false}
18/09/06 10:06:41 DEBUG ServletHandler: servletNameMap={org.eclipse.jetty.servlet.DefaultServlet-68b32e3e=org.eclipse.jetty.servlet.DefaultServlet-68b32e3e@26b99437==org.eclipse.jetty.servlet.DefaultServlet,-1,false, org.apache.livy.server.interactive.InteractiveSessionServlet=org.apache.livy.server.interactive.InteractiveSessionServlet@4dadd512==org.apache.livy.server.interactive.InteractiveSessionServlet,-1,true}
18/09/06 10:06:41 DEBUG ContainerLifeCycle: org.eclipse.jetty.servlet.ServletHandler@4ed5eb72 added {org.apache.livy.server.batch.BatchSessionServlet@b8c77a42==org.apache.livy.server.batch.BatchSessionServlet,-1,true,UNMANAGED}
18/09/06 10:06:41 DEBUG ContainerLifeCycle: org.eclipse.jetty.servlet.ServletHandler@4ed5eb72 added {[/batches/*]=>org.apache.livy.server.batch.BatchSessionServlet,POJO}
18/09/06 10:06:41 DEBUG ServletHandler: Chose path=/batches/* mapped to servlet=org.apache.livy.server.batch.BatchSessionServlet from default=false
18/09/06 10:06:41 DEBUG ServletHandler: Chose path=/sessions/* mapped to servlet=org.apache.livy.server.interactive.InteractiveSessionServlet from default=false
18/09/06 10:06:41 DEBUG ServletHandler: Chose path=/ mapped to servlet=org.eclipse.jetty.servlet.DefaultServlet-68b32e3e from default=false
18/09/06 10:06:41 DEBUG ServletHandler: filterNameMap={org.apache.hadoop.security.authentication.server.AuthenticationFilter-7642df8f=org.apache.hadoop.security.authentication.server.AuthenticationFilter-7642df8f, org.apache.livy.server.AccessFilter-49d3c823=org.apache.livy.server.AccessFilter-49d3c823}
18/09/06 10:06:41 DEBUG ServletHandler: pathFilters=[[/*]/[]==31=>org.apache.hadoop.security.authentication.server.AuthenticationFilter-7642df8f, [/*]/[]==31=>org.apache.livy.server.AccessFilter-49d3c823]
18/09/06 10:06:41 DEBUG ServletHandler: servletFilterMap={}
18/09/06 10:06:41 DEBUG ServletHandler: servletPathMap={/batches/*=org.apache.livy.server.batch.BatchSessionServlet@b8c77a42==org.apache.livy.server.batch.BatchSessionServlet,-1,true, /sessions/*=org.apache.livy.server.interactive.InteractiveSessionServlet@4dadd512==org.apache.livy.server.interactive.InteractiveSessionServlet,-1,true, /=org.eclipse.jetty.servlet.DefaultServlet-68b32e3e@26b99437==org.eclipse.jetty.servlet.DefaultServlet,-1,false}
18/09/06 10:06:41 DEBUG ServletHandler: servletNameMap={org.apache.livy.server.batch.BatchSessionServlet=org.apache.livy.server.batch.BatchSessionServlet@b8c77a42==org.apache.livy.server.batch.BatchSessionServlet,-1,true, org.eclipse.jetty.servlet.DefaultServlet-68b32e3e=org.eclipse.jetty.servlet.DefaultServlet-68b32e3e@26b99437==org.eclipse.jetty.servlet.DefaultServlet,-1,false, org.apache.livy.server.interactive.InteractiveSessionServlet=org.apache.livy.server.interactive.InteractiveSessionServlet@4dadd512==org.apache.livy.server.interactive.InteractiveSessionServlet,-1,true}
18/09/06 10:06:41 DEBUG ContainerLifeCycle: org.eclipse.jetty.servlet.ServletHandler@4ed5eb72 added {org.apache.livy.server.ui.UIServlet@eb468eaa==org.apache.livy.server.ui.UIServlet,-1,true,UNMANAGED}
18/09/06 10:06:41 DEBUG ContainerLifeCycle: org.eclipse.jetty.servlet.ServletHandler@4ed5eb72 added {[/ui/*]=>org.apache.livy.server.ui.UIServlet,POJO}
18/09/06 10:06:41 DEBUG ServletHandler: Chose path=/ui/* mapped to servlet=org.apache.livy.server.ui.UIServlet from default=false
18/09/06 10:06:41 DEBUG ServletHandler: Chose path=/batches/* mapped to servlet=org.apache.livy.server.batch.BatchSessionServlet from default=false
18/09/06 10:06:41 DEBUG ServletHandler: Chose path=/sessions/* mapped to servlet=org.apache.livy.server.interactive.InteractiveSessionServlet from default=false
18/09/06 10:06:41 DEBUG ServletHandler: Chose path=/ mapped to servlet=org.eclipse.jetty.servlet.DefaultServlet-68b32e3e from default=false
18/09/06 10:06:41 DEBUG ServletHandler: filterNameMap={org.apache.hadoop.security.authentication.server.AuthenticationFilter-7642df8f=org.apache.hadoop.security.authentication.server.AuthenticationFilter-7642df8f, org.apache.livy.server.AccessFilter-49d3c823=org.apache.livy.server.AccessFilter-49d3c823}
18/09/06 10:06:41 DEBUG ServletHandler: pathFilters=[[/*]/[]==31=>org.apache.hadoop.security.authentication.server.AuthenticationFilter-7642df8f, [/*]/[]==31=>org.apache.livy.server.AccessFilter-49d3c823]
18/09/06 10:06:41 DEBUG ServletHandler: servletFilterMap={}
18/09/06 10:06:41 DEBUG ServletHandler: servletPathMap={/ui/*=org.apache.livy.server.ui.UIServlet@eb468eaa==org.apache.livy.server.ui.UIServlet,-1,true, /batches/*=org.apache.livy.server.batch.BatchSessionServlet@b8c77a42==org.apache.livy.server.batch.BatchSessionServlet,-1,true, /sessions/*=org.apache.livy.server.interactive.InteractiveSessionServlet@4dadd512==org.apache.livy.server.interactive.InteractiveSessionServlet,-1,true, /=org.eclipse.jetty.servlet.DefaultServlet-68b32e3e@26b99437==org.eclipse.jetty.servlet.DefaultServlet,-1,false}
18/09/06 10:06:41 DEBUG ServletHandler: servletNameMap={org.apache.livy.server.batch.BatchSessionServlet=org.apache.livy.server.batch.BatchSessionServlet@b8c77a42==org.apache.livy.server.batch.BatchSessionServlet,-1,true, org.apache.livy.server.ui.UIServlet=org.apache.livy.server.ui.UIServlet@eb468eaa==org.apache.livy.server.ui.UIServlet,-1,true, org.eclipse.jetty.servlet.DefaultServlet-68b32e3e=org.eclipse.jetty.servlet.DefaultServlet-68b32e3e@26b99437==org.eclipse.jetty.servlet.DefaultServlet,-1,false, org.apache.livy.server.interactive.InteractiveSessionServlet=org.apache.livy.server.interactive.InteractiveSessionServlet@4dadd512==org.apache.livy.server.interactive.InteractiveSessionServlet,-1,true}
18/09/06 10:06:41 DEBUG ContainerLifeCycle: org.eclipse.jetty.servlet.ServletHandler@4ed5eb72 added {org.apache.livy.server.LivyServer$$anon$2@a0e78090==org.apache.livy.server.LivyServer$$anon$2,-1,true,UNMANAGED}
18/09/06 10:06:41 DEBUG ContainerLifeCycle: org.eclipse.jetty.servlet.ServletHandler@4ed5eb72 added {[/static/*]=>org.apache.livy.server.LivyServer$$anon$2,POJO}
18/09/06 10:06:41 DEBUG ServletHandler: Chose path=/ui/* mapped to servlet=org.apache.livy.server.ui.UIServlet from default=false
18/09/06 10:06:41 DEBUG ServletHandler: Chose path=/batches/* mapped to servlet=org.apache.livy.server.batch.BatchSessionServlet from default=false
18/09/06 10:06:41 DEBUG ServletHandler: Chose path=/static/* mapped to servlet=org.apache.livy.server.LivyServer$$anon$2 from default=false
18/09/06 10:06:41 DEBUG ServletHandler: Chose path=/sessions/* mapped to servlet=org.apache.livy.server.interactive.InteractiveSessionServlet from default=false
18/09/06 10:06:41 DEBUG ServletHandler: Chose path=/ mapped to servlet=org.eclipse.jetty.servlet.DefaultServlet-68b32e3e from default=false
18/09/06 10:06:41 DEBUG ServletHandler: filterNameMap={org.apache.hadoop.security.authentication.server.AuthenticationFilter-7642df8f=org.apache.hadoop.security.authentication.server.AuthenticationFilter-7642df8f, org.apache.livy.server.AccessFilter-49d3c823=org.apache.livy.server.AccessFilter-49d3c823}
18/09/06 10:06:41 DEBUG ServletHandler: pathFilters=[[/*]/[]==31=>org.apache.hadoop.security.authentication.server.AuthenticationFilter-7642df8f, [/*]/[]==31=>org.apache.livy.server.AccessFilter-49d3c823]
18/09/06 10:06:41 DEBUG ServletHandler: servletFilterMap={}
18/09/06 10:06:41 DEBUG ServletHandler: servletPathMap={/ui/*=org.apache.livy.server.ui.UIServlet@eb468eaa==org.apache.livy.server.ui.UIServlet,-1,true, /batches/*=org.apache.livy.server.batch.BatchSessionServlet@b8c77a42==org.apache.livy.server.batch.BatchSessionServlet,-1,true, /static/*=org.apache.livy.server.LivyServer$$anon$2@a0e78090==org.apache.livy.server.LivyServer$$anon$2,-1,true, /sessions/*=org.apache.livy.server.interactive.InteractiveSessionServlet@4dadd512==org.apache.livy.server.interactive.InteractiveSessionServlet,-1,true, /=org.eclipse.jetty.servlet.DefaultServlet-68b32e3e@26b99437==org.eclipse.jetty.servlet.DefaultServlet,-1,false}
18/09/06 10:06:41 DEBUG ServletHandler: servletNameMap={org.apache.livy.server.batch.BatchSessionServlet=org.apache.livy.server.batch.BatchSessionServlet@b8c77a42==org.apache.livy.server.batch.BatchSessionServlet,-1,true, org.apache.livy.server.LivyServer$$anon$2=org.apache.livy.server.LivyServer$$anon$2@a0e78090==org.apache.livy.server.LivyServer$$anon$2,-1,true, org.apache.livy.server.ui.UIServlet=org.apache.livy.server.ui.UIServlet@eb468eaa==org.apache.livy.server.ui.UIServlet,-1,true, org.eclipse.jetty.servlet.DefaultServlet-68b32e3e=org.eclipse.jetty.servlet.DefaultServlet-68b32e3e@26b99437==org.eclipse.jetty.servlet.DefaultServlet,-1,false, org.apache.livy.server.interactive.InteractiveSessionServlet=org.apache.livy.server.interactive.InteractiveSessionServlet@4dadd512==org.apache.livy.server.interactive.InteractiveSessionServlet,-1,true}
18/09/06 10:06:41 DEBUG ContainerLifeCycle: org.eclipse.jetty.servlet.ServletHandler@4ed5eb72 added {org.apache.livy.server.LivyServer$$anon$3@a0e78091==org.apache.livy.server.LivyServer$$anon$3,-1,true,UNMANAGED}
18/09/06 10:06:41 DEBUG ContainerLifeCycle: org.eclipse.jetty.servlet.ServletHandler@4ed5eb72 added {[/*]=>org.apache.livy.server.LivyServer$$anon$3,POJO}
18/09/06 10:06:41 DEBUG ServletHandler: Chose path=/ui/* mapped to servlet=org.apache.livy.server.ui.UIServlet from default=false
18/09/06 10:06:41 DEBUG ServletHandler: Chose path=/batches/* mapped to servlet=org.apache.livy.server.batch.BatchSessionServlet from default=false
18/09/06 10:06:41 DEBUG ServletHandler: Chose path=/* mapped to servlet=org.apache.livy.server.LivyServer$$anon$3 from default=false
18/09/06 10:06:41 DEBUG ServletHandler: Chose path=/static/* mapped to servlet=org.apache.livy.server.LivyServer$$anon$2 from default=false
18/09/06 10:06:41 DEBUG ServletHandler: Chose path=/sessions/* mapped to servlet=org.apache.livy.server.interactive.InteractiveSessionServlet from default=false
18/09/06 10:06:41 DEBUG ServletHandler: Chose path=/ mapped to servlet=org.eclipse.jetty.servlet.DefaultServlet-68b32e3e from default=false
18/09/06 10:06:41 DEBUG ServletHandler: filterNameMap={org.apache.hadoop.security.authentication.server.AuthenticationFilter-7642df8f=org.apache.hadoop.security.authentication.server.AuthenticationFilter-7642df8f, org.apache.livy.server.AccessFilter-49d3c823=org.apache.livy.server.AccessFilter-49d3c823}
18/09/06 10:06:41 DEBUG ServletHandler: pathFilters=[[/*]/[]==31=>org.apache.hadoop.security.authentication.server.AuthenticationFilter-7642df8f, [/*]/[]==31=>org.apache.livy.server.AccessFilter-49d3c823]
18/09/06 10:06:41 DEBUG ServletHandler: servletFilterMap={}
18/09/06 10:06:41 DEBUG ServletHandler: servletPathMap={/ui/*=org.apache.livy.server.ui.UIServlet@eb468eaa==org.apache.livy.server.ui.UIServlet,-1,true, /batches/*=org.apache.livy.server.batch.BatchSessionServlet@b8c77a42==org.apache.livy.server.batch.BatchSessionServlet,-1,true, /*=org.apache.livy.server.LivyServer$$anon$3@a0e78091==org.apache.livy.server.LivyServer$$anon$3,-1,true, /static/*=org.apache.livy.server.LivyServer$$anon$2@a0e78090==org.apache.livy.server.LivyServer$$anon$2,-1,true, /sessions/*=org.apache.livy.server.interactive.InteractiveSessionServlet@4dadd512==org.apache.livy.server.interactive.InteractiveSessionServlet,-1,true, /=org.eclipse.jetty.servlet.DefaultServlet-68b32e3e@26b99437==org.eclipse.jetty.servlet.DefaultServlet,-1,false}
18/09/06 10:06:41 DEBUG ServletHandler: servletNameMap={org.apache.livy.server.batch.BatchSessionServlet=org.apache.livy.server.batch.BatchSessionServlet@b8c77a42==org.apache.livy.server.batch.BatchSessionServlet,-1,true, org.apache.livy.server.LivyServer$$anon$3=org.apache.livy.server.LivyServer$$anon$3@a0e78091==org.apache.livy.server.LivyServer$$anon$3,-1,true, org.apache.livy.server.LivyServer$$anon$2=org.apache.livy.server.LivyServer$$anon$2@a0e78090==org.apache.livy.server.LivyServer$$anon$2,-1,true, org.apache.livy.server.ui.UIServlet=org.apache.livy.server.ui.UIServlet@eb468eaa==org.apache.livy.server.ui.UIServlet,-1,true, org.eclipse.jetty.servlet.DefaultServlet-68b32e3e=org.eclipse.jetty.servlet.DefaultServlet-68b32e3e@26b99437==org.eclipse.jetty.servlet.DefaultServlet,-1,false, org.apache.livy.server.interactive.InteractiveSessionServlet=org.apache.livy.server.interactive.InteractiveSessionServlet@4dadd512==org.apache.livy.server.interactive.InteractiveSessionServlet,-1,true}
18/09/06 10:06:41 DEBUG ContainerLifeCycle: org.eclipse.jetty.servlet.ServletHandler@4ed5eb72 added {com.codahale.metrics.servlets.AdminServlet@3724c045==com.codahale.metrics.servlets.AdminServlet,-1,false,UNMANAGED}
18/09/06 10:06:41 DEBUG ContainerLifeCycle: org.eclipse.jetty.servlet.ServletHandler@4ed5eb72 added {[/metrics/*]=>com.codahale.metrics.servlets.AdminServlet,POJO}
18/09/06 10:06:41 DEBUG ServletHandler: Chose path=/ui/* mapped to servlet=org.apache.livy.server.ui.UIServlet from default=false
18/09/06 10:06:41 DEBUG ServletHandler: Chose path=/batches/* mapped to servlet=org.apache.livy.server.batch.BatchSessionServlet from default=false
18/09/06 10:06:41 DEBUG ServletHandler: Chose path=/metrics/* mapped to servlet=com.codahale.metrics.servlets.AdminServlet from default=false
18/09/06 10:06:41 DEBUG ServletHandler: Chose path=/* mapped to servlet=org.apache.livy.server.LivyServer$$anon$3 from default=false
18/09/06 10:06:41 DEBUG ServletHandler: Chose path=/static/* mapped to servlet=org.apache.livy.server.LivyServer$$anon$2 from default=false
18/09/06 10:06:41 DEBUG ServletHandler: Chose path=/sessions/* mapped to servlet=org.apache.livy.server.interactive.InteractiveSessionServlet from default=false
18/09/06 10:06:41 DEBUG ServletHandler: Chose path=/ mapped to servlet=org.eclipse.jetty.servlet.DefaultServlet-68b32e3e from default=false
18/09/06 10:06:41 DEBUG ServletHandler: filterNameMap={org.apache.hadoop.security.authentication.server.AuthenticationFilter-7642df8f=org.apache.hadoop.security.authentication.server.AuthenticationFilter-7642df8f, org.apache.livy.server.AccessFilter-49d3c823=org.apache.livy.server.AccessFilter-49d3c823}
18/09/06 10:06:41 DEBUG ServletHandler: pathFilters=[[/*]/[]==31=>org.apache.hadoop.security.authentication.server.AuthenticationFilter-7642df8f, [/*]/[]==31=>org.apache.livy.server.AccessFilter-49d3c823]
18/09/06 10:06:41 DEBUG ServletHandler: servletFilterMap={}
18/09/06 10:06:41 DEBUG ServletHandler: servletPathMap={/ui/*=org.apache.livy.server.ui.UIServlet@eb468eaa==org.apache.livy.server.ui.UIServlet,-1,true, /batches/*=org.apache.livy.server.batch.BatchSessionServlet@b8c77a42==org.apache.livy.server.batch.BatchSessionServlet,-1,true, /metrics/*=com.codahale.metrics.servlets.AdminServlet@3724c045==com.codahale.metrics.servlets.AdminServlet,1,false, /*=org.apache.livy.server.LivyServer$$anon$3@a0e78091==org.apache.livy.server.LivyServer$$anon$3,-1,true, /static/*=org.apache.livy.server.LivyServer$$anon$2@a0e78090==org.apache.livy.server.LivyServer$$anon$2,-1,true, /sessions/*=org.apache.livy.server.interactive.InteractiveSessionServlet@4dadd512==org.apache.livy.server.interactive.InteractiveSessionServlet,-1,true, /=org.eclipse.jetty.servlet.DefaultServlet-68b32e3e@26b99437==org.eclipse.jetty.servlet.DefaultServlet,-1,false}
18/09/06 10:06:41 DEBUG ServletHandler: servletNameMap={com.codahale.metrics.servlets.AdminServlet=com.codahale.metrics.servlets.AdminServlet@3724c045==com.codahale.metrics.servlets.AdminServlet,1,false, org.apache.livy.server.batch.BatchSessionServlet=org.apache.livy.server.batch.BatchSessionServlet@b8c77a42==org.apache.livy.server.batch.BatchSessionServlet,-1,true, org.apache.livy.server.LivyServer$$anon$3=org.apache.livy.server.LivyServer$$anon$3@a0e78091==org.apache.livy.server.LivyServer$$anon$3,-1,true, org.apache.livy.server.LivyServer$$anon$2=org.apache.livy.server.LivyServer$$anon$2@a0e78090==org.apache.livy.server.LivyServer$$anon$2,-1,true, org.apache.livy.server.ui.UIServlet=org.apache.livy.server.ui.UIServlet@eb468eaa==org.apache.livy.server.ui.UIServlet,-1,true, org.eclipse.jetty.servlet.DefaultServlet-68b32e3e=org.eclipse.jetty.servlet.DefaultServlet-68b32e3e@26b99437==org.eclipse.jetty.servlet.DefaultServlet,-1,false, org.apache.livy.server.interactive.InteractiveSessionServlet=org.apache.livy.server.interactive.InteractiveSessionServlet@4dadd512==org.apache.livy.server.interactive.InteractiveSessionServlet,-1,true}
18/09/06 10:06:41 DEBUG ContainerLifeCycle: org.eclipse.jetty.servlet.ServletHandler@4ed5eb72 added {org.apache.livy.server.LivyServer$$anon$1@a0e7808f==org.apache.livy.server.LivyServer$$anon$1,-1,true,UNMANAGED}
18/09/06 10:06:41 DEBUG ContainerLifeCycle: org.eclipse.jetty.servlet.ServletHandler@4ed5eb72 added {[/version/*]=>org.apache.livy.server.LivyServer$$anon$1,POJO}
18/09/06 10:06:41 DEBUG ServletHandler: Chose path=/ui/* mapped to servlet=org.apache.livy.server.ui.UIServlet from default=false
18/09/06 10:06:41 DEBUG ServletHandler: Chose path=/batches/* mapped to servlet=org.apache.livy.server.batch.BatchSessionServlet from default=false
18/09/06 10:06:41 DEBUG ServletHandler: Chose path=/metrics/* mapped to servlet=com.codahale.metrics.servlets.AdminServlet from default=false
18/09/06 10:06:41 DEBUG ServletHandler: Chose path=/version/* mapped to servlet=org.apache.livy.server.LivyServer$$anon$1 from default=false
18/09/06 10:06:41 DEBUG ServletHandler: Chose path=/* mapped to servlet=org.apache.livy.server.LivyServer$$anon$3 from default=false
18/09/06 10:06:41 DEBUG ServletHandler: Chose path=/static/* mapped to servlet=org.apache.livy.server.LivyServer$$anon$2 from default=false
18/09/06 10:06:41 DEBUG ServletHandler: Chose path=/sessions/* mapped to servlet=org.apache.livy.server.interactive.InteractiveSessionServlet from default=false
18/09/06 10:06:41 DEBUG ServletHandler: Chose path=/ mapped to servlet=org.eclipse.jetty.servlet.DefaultServlet-68b32e3e from default=false
18/09/06 10:06:41 DEBUG ServletHandler: filterNameMap={org.apache.hadoop.security.authentication.server.AuthenticationFilter-7642df8f=org.apache.hadoop.security.authentication.server.AuthenticationFilter-7642df8f, org.apache.livy.server.AccessFilter-49d3c823=org.apache.livy.server.AccessFilter-49d3c823}
18/09/06 10:06:41 DEBUG ServletHandler: pathFilters=[[/*]/[]==31=>org.apache.hadoop.security.authentication.server.AuthenticationFilter-7642df8f, [/*]/[]==31=>org.apache.livy.server.AccessFilter-49d3c823]
18/09/06 10:06:41 DEBUG ServletHandler: servletFilterMap={}
18/09/06 10:06:41 DEBUG ServletHandler: servletPathMap={/ui/*=org.apache.livy.server.ui.UIServlet@eb468eaa==org.apache.livy.server.ui.UIServlet,-1,true, /batches/*=org.apache.livy.server.batch.BatchSessionServlet@b8c77a42==org.apache.livy.server.batch.BatchSessionServlet,-1,true, /metrics/*=com.codahale.metrics.servlets.AdminServlet@3724c045==com.codahale.metrics.servlets.AdminServlet,1,false, /version/*=org.apache.livy.server.LivyServer$$anon$1@a0e7808f==org.apache.livy.server.LivyServer$$anon$1,-1,true, /*=org.apache.livy.server.LivyServer$$anon$3@a0e78091==org.apache.livy.server.LivyServer$$anon$3,-1,true, /static/*=org.apache.livy.server.LivyServer$$anon$2@a0e78090==org.apache.livy.server.LivyServer$$anon$2,-1,true, /sessions/*=org.apache.livy.server.interactive.InteractiveSessionServlet@4dadd512==org.apache.livy.server.interactive.InteractiveSessionServlet,-1,true, /=org.eclipse.jetty.servlet.DefaultServlet-68b32e3e@26b99437==org.eclipse.jetty.servlet.DefaultServlet,-1,false}
18/09/06 10:06:41 DEBUG ServletHandler: servletNameMap={com.codahale.metrics.servlets.AdminServlet=com.codahale.metrics.servlets.AdminServlet@3724c045==com.codahale.metrics.servlets.AdminServlet,1,false, org.apache.livy.server.batch.BatchSessionServlet=org.apache.livy.server.batch.BatchSessionServlet@b8c77a42==org.apache.livy.server.batch.BatchSessionServlet,-1,true, org.apache.livy.server.LivyServer$$anon$3=org.apache.livy.server.LivyServer$$anon$3@a0e78091==org.apache.livy.server.LivyServer$$anon$3,-1,true, org.apache.livy.server.LivyServer$$anon$2=org.apache.livy.server.LivyServer$$anon$2@a0e78090==org.apache.livy.server.LivyServer$$anon$2,-1,true, org.apache.livy.server.LivyServer$$anon$1=org.apache.livy.server.LivyServer$$anon$1@a0e7808f==org.apache.livy.server.LivyServer$$anon$1,-1,true, org.apache.livy.server.ui.UIServlet=org.apache.livy.server.ui.UIServlet@eb468eaa==org.apache.livy.server.ui.UIServlet,-1,true, org.eclipse.jetty.servlet.DefaultServlet-68b32e3e=org.eclipse.jetty.servlet.DefaultServlet-68b32e3e@26b99437==org.eclipse.jetty.servlet.DefaultServlet,-1,false, org.apache.livy.server.interactive.InteractiveSessionServlet=org.apache.livy.server.interactive.InteractiveSessionServlet@4dadd512==org.apache.livy.server.interactive.InteractiveSessionServlet,-1,true}
18/09/06 10:06:41 DEBUG AbstractLifeCycle: starting org.apache.hadoop.security.authentication.server.AuthenticationFilter-7642df8f
18/09/06 10:06:41 DEBUG AbstractLifeCycle: STARTED @1996ms org.apache.hadoop.security.authentication.server.AuthenticationFilter-7642df8f
18/09/06 10:06:41 DEBUG FilterHolder: Filter.init org.apache.hadoop.security.authentication.server.AuthenticationFilter@6b7906b3
18/09/06 10:06:41 INFO KerberosAuthenticationHandler: Login using keytab /home/podium/podium.keytab, for principal podium
Debug is  true storeKey true useTicketCache true useKeyTab true doNotPrompt true ticketCache is null isInitiator false KeyTab is /home/podium/podium.keytab refreshKrb5Config is true principal is podium tryFirstPass is false useFirstPass is false storePass is false clearPass is false
Refreshing Kerberos configuration
Acquire TGT from Cache
Principal is podium@C21.HADOOP.example.com
18/09/06 10:06:41 WARN KerberosAuthenticationHandler: Failed to login as [podium]
javax.security.auth.login.LoginException: No key to store
	at com.sun.security.auth.module.Krb5LoginModule.commit(Krb5LoginModule.java:1119)
	at sun.reflect.NativeMethodAccessorImpl.invoke0(Native Method)
	at sun.reflect.NativeMethodAccessorImpl.invoke(NativeMethodAccessorImpl.java:62)
	at sun.reflect.DelegatingMethodAccessorImpl.invoke(DelegatingMethodAccessorImpl.java:43)
	at java.lang.reflect.Method.invoke(Method.java:498)
	at javax.security.auth.login.LoginContext.invoke(LoginContext.java:755)
	at javax.security.auth.login.LoginContext.access$000(LoginContext.java:195)
	at javax.security.auth.login.LoginContext$4.run(LoginContext.java:682)
	at javax.security.auth.login.LoginContext$4.run(LoginContext.java:680)
	at java.security.AccessController.doPrivileged(Native Method)
	at javax.security.auth.login.LoginContext.invokePriv(LoginContext.java:680)
	at javax.security.auth.login.LoginContext.login(LoginContext.java:588)
	at org.apache.hadoop.security.authentication.server.KerberosAuthenticationHandler.init(KerberosAuthenticationHandler.java:221)
	at org.apache.hadoop.security.authentication.server.AuthenticationFilter.initializeAuthHandler(AuthenticationFilter.java:237)
	at org.apache.hadoop.security.authentication.server.AuthenticationFilter.init(AuthenticationFilter.java:226)
	at org.eclipse.jetty.servlet.FilterHolder.initialize(FilterHolder.java:138)
	at org.eclipse.jetty.servlet.ServletHandler.initialize(ServletHandler.java:852)
	at org.eclipse.jetty.servlet.ServletContextHandler.startContext(ServletContextHandler.java:298)
	at org.eclipse.jetty.server.handler.ContextHandler.doStart(ContextHandler.java:741)
	at org.eclipse.jetty.util.component.AbstractLifeCycle.start(AbstractLifeCycle.java:68)
	at org.eclipse.jetty.util.component.ContainerLifeCycle.start(ContainerLifeCycle.java:132)
	at org.eclipse.jetty.util.component.ContainerLifeCycle.doStart(ContainerLifeCycle.java:114)
	at org.eclipse.jetty.server.handler.AbstractHandler.doStart(AbstractHandler.java:61)
	at org.eclipse.jetty.util.component.AbstractLifeCycle.start(AbstractLifeCycle.java:68)
	at org.eclipse.jetty.util.component.ContainerLifeCycle.start(ContainerLifeCycle.java:132)
	at org.eclipse.jetty.server.Server.start(Server.java:387)
	at org.eclipse.jetty.util.component.ContainerLifeCycle.doStart(ContainerLifeCycle.java:114)
	at org.eclipse.jetty.server.handler.AbstractHandler.doStart(AbstractHandler.java:61)
	at org.eclipse.jetty.server.Server.doStart(Server.java:354)
	at org.eclipse.jetty.util.component.AbstractLifeCycle.start(AbstractLifeCycle.java:68)
	at org.apache.livy.server.WebServer.start(WebServer.scala:92)
	at org.apache.livy.server.LivyServer.start(LivyServer.scala:259)
	at org.apache.livy.server.LivyServer$.main(LivyServer.scala:339)
	at org.apache.livy.server.LivyServer.main(LivyServer.scala)
18/09/06 10:06:41 DEBUG AbstractLifeCycle: starting org.apache.livy.server.AccessFilter-49d3c823
18/09/06 10:06:41 DEBUG AbstractLifeCycle: STARTED @2006ms org.apache.livy.server.AccessFilter-49d3c823
18/09/06 10:06:41 DEBUG FilterHolder: Filter.init org.apache.livy.server.AccessFilter@68ad99fe
18/09/06 10:06:41 DEBUG AbstractLifeCycle: starting org.apache.livy.server.LivyServer$$anon$1@a0e7808f==org.apache.livy.server.LivyServer$$anon$1,-1,true
18/09/06 10:06:41 DEBUG AbstractLifeCycle: STARTED @2009ms org.apache.livy.server.LivyServer$$anon$1@a0e7808f==org.apache.livy.server.LivyServer$$anon$1,-1,true
18/09/06 10:06:41 DEBUG ServletHolder: Servlet.init org.apache.livy.server.LivyServer$$anon$1@7b5a12ae for org.apache.livy.server.LivyServer$$anon$1
18/09/06 10:06:41 DEBUG AbstractLifeCycle: starting org.apache.livy.server.LivyServer$$anon$2@a0e78090==org.apache.livy.server.LivyServer$$anon$2,-1,true
18/09/06 10:06:41 DEBUG AbstractLifeCycle: STARTED @2013ms org.apache.livy.server.LivyServer$$anon$2@a0e78090==org.apache.livy.server.LivyServer$$anon$2,-1,true
18/09/06 10:06:41 DEBUG ServletHolder: Servlet.init org.apache.livy.server.LivyServer$$anon$2@4e858e0a for org.apache.livy.server.LivyServer$$anon$2
18/09/06 10:06:41 DEBUG AbstractLifeCycle: starting org.apache.livy.server.LivyServer$$anon$3@a0e78091==org.apache.livy.server.LivyServer$$anon$3,-1,true
18/09/06 10:06:41 DEBUG AbstractLifeCycle: STARTED @2013ms org.apache.livy.server.LivyServer$$anon$3@a0e78091==org.apache.livy.server.LivyServer$$anon$3,-1,true
18/09/06 10:06:41 DEBUG ServletHolder: Servlet.init org.apache.livy.server.LivyServer$$anon$3@435fb7b5 for org.apache.livy.server.LivyServer$$anon$3
18/09/06 10:06:41 DEBUG AbstractLifeCycle: starting org.apache.livy.server.batch.BatchSessionServlet@b8c77a42==org.apache.livy.server.batch.BatchSessionServlet,-1,true
18/09/06 10:06:41 DEBUG AbstractLifeCycle: STARTED @2014ms org.apache.livy.server.batch.BatchSessionServlet@b8c77a42==org.apache.livy.server.batch.BatchSessionServlet,-1,true
18/09/06 10:06:41 DEBUG ServletHolder: Servlet.init org.apache.livy.server.batch.BatchSessionServlet@b7838a9 for org.apache.livy.server.batch.BatchSessionServlet
18/09/06 10:06:41 DEBUG AbstractLifeCycle: starting org.apache.livy.server.interactive.InteractiveSessionServlet@4dadd512==org.apache.livy.server.interactive.InteractiveSessionServlet,-1,true
18/09/06 10:06:41 DEBUG AbstractLifeCycle: STARTED @2014ms org.apache.livy.server.interactive.InteractiveSessionServlet@4dadd512==org.apache.livy.server.interactive.InteractiveSessionServlet,-1,true
18/09/06 10:06:41 DEBUG ServletHolder: Servlet.init org.apache.livy.server.interactive.InteractiveSessionServlet@696f0212 for org.apache.livy.server.interactive.InteractiveSessionServlet
18/09/06 10:06:41 DEBUG AbstractLifeCycle: starting org.apache.livy.server.ui.UIServlet@eb468eaa==org.apache.livy.server.ui.UIServlet,-1,true
18/09/06 10:06:41 DEBUG AbstractLifeCycle: STARTED @2015ms org.apache.livy.server.ui.UIServlet@eb468eaa==org.apache.livy.server.ui.UIServlet,-1,true
18/09/06 10:06:41 DEBUG ServletHolder: Servlet.init org.apache.livy.server.ui.UIServlet@56c698e3 for org.apache.livy.server.ui.UIServlet
18/09/06 10:06:41 DEBUG AbstractLifeCycle: starting org.eclipse.jetty.servlet.DefaultServlet-68b32e3e@26b99437==org.eclipse.jetty.servlet.DefaultServlet,-1,false
18/09/06 10:06:41 DEBUG BaseHolder: Holding class org.eclipse.jetty.servlet.DefaultServlet from sun.misc.Launcher$AppClassLoader@2c7b84de
18/09/06 10:06:41 DEBUG AbstractLifeCycle: STARTED @2015ms org.eclipse.jetty.servlet.DefaultServlet-68b32e3e@26b99437==org.eclipse.jetty.servlet.DefaultServlet,-1,false
18/09/06 10:06:41 DEBUG AbstractLifeCycle: starting com.codahale.metrics.servlets.AdminServlet@3724c045==com.codahale.metrics.servlets.AdminServlet,1,false
18/09/06 10:06:41 DEBUG AbstractLifeCycle: STARTED @2016ms com.codahale.metrics.servlets.AdminServlet@3724c045==com.codahale.metrics.servlets.AdminServlet,1,false
18/09/06 10:06:41 DEBUG ServletHolder: Servlet.init com.codahale.metrics.servlets.AdminServlet@47a86fbb for com.codahale.metrics.servlets.AdminServlet
18/09/06 10:06:41 WARN AbstractLifeCycle: FAILED o.e.j.s.ServletContextHandler@31dadd46{/,file:/opt/livy-0.5.0-incubating-bin/bin/src/main/org/apache/livy/server,STARTING}: javax.servlet.ServletException: org.apache.hadoop.security.authentication.client.AuthenticationException: javax.security.auth.login.LoginException: No key to store
javax.servlet.ServletException: org.apache.hadoop.security.authentication.client.AuthenticationException: javax.security.auth.login.LoginException: No key to store
	at org.apache.hadoop.security.authentication.server.KerberosAuthenticationHandler.init(KerberosAuthenticationHandler.java:240)
	at org.apache.hadoop.security.authentication.server.AuthenticationFilter.initializeAuthHandler(AuthenticationFilter.java:237)
	at org.apache.hadoop.security.authentication.server.AuthenticationFilter.init(AuthenticationFilter.java:226)
	at org.eclipse.jetty.servlet.FilterHolder.initialize(FilterHolder.java:138)
	at org.eclipse.jetty.servlet.ServletHandler.initialize(ServletHandler.java:852)
	at org.eclipse.jetty.servlet.ServletContextHandler.startContext(ServletContextHandler.java:298)
	at org.eclipse.jetty.server.handler.ContextHandler.doStart(ContextHandler.java:741)
	at org.eclipse.jetty.util.component.AbstractLifeCycle.start(AbstractLifeCycle.java:68)
	at org.eclipse.jetty.util.component.ContainerLifeCycle.start(ContainerLifeCycle.java:132)
	at org.eclipse.jetty.util.component.ContainerLifeCycle.doStart(ContainerLifeCycle.java:114)
	at org.eclipse.jetty.server.handler.AbstractHandler.doStart(AbstractHandler.java:61)
	at org.eclipse.jetty.util.component.AbstractLifeCycle.start(AbstractLifeCycle.java:68)
	at org.eclipse.jetty.util.component.ContainerLifeCycle.start(ContainerLifeCycle.java:132)
	at org.eclipse.jetty.server.Server.start(Server.java:387)
	at org.eclipse.jetty.util.component.ContainerLifeCycle.doStart(ContainerLifeCycle.java:114)
	at org.eclipse.jetty.server.handler.AbstractHandler.doStart(AbstractHandler.java:61)
	at org.eclipse.jetty.server.Server.doStart(Server.java:354)
	at org.eclipse.jetty.util.component.AbstractLifeCycle.start(AbstractLifeCycle.java:68)
	at org.apache.livy.server.WebServer.start(WebServer.scala:92)
	at org.apache.livy.server.LivyServer.start(LivyServer.scala:259)
	at org.apache.livy.server.LivyServer$.main(LivyServer.scala:339)
	at org.apache.livy.server.LivyServer.main(LivyServer.scala)
Caused by: org.apache.hadoop.security.authentication.client.AuthenticationException: javax.security.auth.login.LoginException: No key to store
	at org.apache.hadoop.security.authentication.server.KerberosAuthenticationHandler.init(KerberosAuthenticationHandler.java:224)
	... 21 more
Caused by: javax.security.auth.login.LoginException: No key to store
	at com.sun.security.auth.module.Krb5LoginModule.commit(Krb5LoginModule.java:1119)
	at sun.reflect.NativeMethodAccessorImpl.invoke0(Native Method)
	at sun.reflect.NativeMethodAccessorImpl.invoke(NativeMethodAccessorImpl.java:62)
	at sun.reflect.DelegatingMethodAccessorImpl.invoke(DelegatingMethodAccessorImpl.java:43)
	at java.lang.reflect.Method.invoke(Method.java:498)
	at javax.security.auth.login.LoginContext.invoke(LoginContext.java:755)
	at javax.security.auth.login.LoginContext.access$000(LoginContext.java:195)
	at javax.security.auth.login.LoginContext$4.run(LoginContext.java:682)
	at javax.security.auth.login.LoginContext$4.run(LoginContext.java:680)
	at java.security.AccessController.doPrivileged(Native Method)
	at javax.security.auth.login.LoginContext.invokePriv(LoginContext.java:680)
	at javax.security.auth.login.LoginContext.login(LoginContext.java:588)
	at org.apache.hadoop.security.authentication.server.KerberosAuthenticationHandler.init(KerberosAuthenticationHandler.java:221)
	... 21 more
18/09/06 10:06:41 WARN AbstractLifeCycle: FAILED org.eclipse.jetty.server.handler.HandlerCollection@7d1cfb8b[o.e.j.s.ServletContextHandler@31dadd46{/,file:/opt/livy-0.5.0-incubating-bin/bin/src/main/org/apache/livy/server,STARTING}, org.eclipse.jetty.server.handler.RequestLogHandler@535779e4]: javax.servlet.ServletException: org.apache.hadoop.security.authentication.client.AuthenticationException: javax.security.auth.login.LoginException: No key to store
javax.servlet.ServletException: org.apache.hadoop.security.authentication.client.AuthenticationException: javax.security.auth.login.LoginException: No key to store
	at org.apache.hadoop.security.authentication.server.KerberosAuthenticationHandler.init(KerberosAuthenticationHandler.java:240)
	at org.apache.hadoop.security.authentication.server.AuthenticationFilter.initializeAuthHandler(AuthenticationFilter.java:237)
	at org.apache.hadoop.security.authentication.server.AuthenticationFilter.init(AuthenticationFilter.java:226)
	at org.eclipse.jetty.servlet.FilterHolder.initialize(FilterHolder.java:138)
	at org.eclipse.jetty.servlet.ServletHandler.initialize(ServletHandler.java:852)
	at org.eclipse.jetty.servlet.ServletContextHandler.startContext(ServletContextHandler.java:298)
	at org.eclipse.jetty.server.handler.ContextHandler.doStart(ContextHandler.java:741)
	at org.eclipse.jetty.util.component.AbstractLifeCycle.start(AbstractLifeCycle.java:68)
	at org.eclipse.jetty.util.component.ContainerLifeCycle.start(ContainerLifeCycle.java:132)
	at org.eclipse.jetty.util.component.ContainerLifeCycle.doStart(ContainerLifeCycle.java:114)
	at org.eclipse.jetty.server.handler.AbstractHandler.doStart(AbstractHandler.java:61)
	at org.eclipse.jetty.util.component.AbstractLifeCycle.start(AbstractLifeCycle.java:68)
	at org.eclipse.jetty.util.component.ContainerLifeCycle.start(ContainerLifeCycle.java:132)
	at org.eclipse.jetty.server.Server.start(Server.java:387)
	at org.eclipse.jetty.util.component.ContainerLifeCycle.doStart(ContainerLifeCycle.java:114)
	at org.eclipse.jetty.server.handler.AbstractHandler.doStart(AbstractHandler.java:61)
	at org.eclipse.jetty.server.Server.doStart(Server.java:354)
	at org.eclipse.jetty.util.component.AbstractLifeCycle.start(AbstractLifeCycle.java:68)
	at org.apache.livy.server.WebServer.start(WebServer.scala:92)
	at org.apache.livy.server.LivyServer.start(LivyServer.scala:259)
	at org.apache.livy.server.LivyServer$.main(LivyServer.scala:339)
	at org.apache.livy.server.LivyServer.main(LivyServer.scala)
Caused by: org.apache.hadoop.security.authentication.client.AuthenticationException: javax.security.auth.login.LoginException: No key to store
	at org.apache.hadoop.security.authentication.server.KerberosAuthenticationHandler.init(KerberosAuthenticationHandler.java:224)
	... 21 more
Caused by: javax.security.auth.login.LoginException: No key to store
	at com.sun.security.auth.module.Krb5LoginModule.commit(Krb5LoginModule.java:1119)
	at sun.reflect.NativeMethodAccessorImpl.invoke0(Native Method)
	at sun.reflect.NativeMethodAccessorImpl.invoke(NativeMethodAccessorImpl.java:62)
	at sun.reflect.DelegatingMethodAccessorImpl.invoke(DelegatingMethodAccessorImpl.java:43)
	at java.lang.reflect.Method.invoke(Method.java:498)
	at javax.security.auth.login.LoginContext.invoke(LoginContext.java:755)
	at javax.security.auth.login.LoginContext.access$000(LoginContext.java:195)
	at javax.security.auth.login.LoginContext$4.run(LoginContext.java:682)
	at javax.security.auth.login.LoginContext$4.run(LoginContext.java:680)
	at java.security.AccessController.doPrivileged(Native Method)
	at javax.security.auth.login.LoginContext.invokePriv(LoginContext.java:680)
	at javax.security.auth.login.LoginContext.login(LoginContext.java:588)
	at org.apache.hadoop.security.authentication.server.KerberosAuthenticationHandler.init(KerberosAuthenticationHandler.java:221)
	... 21 more
18/09/06 10:06:41 DEBUG AbstractLifeCycle: starting ServerConnector@49ff7d8c{HTTP/1.1}{0.0.0.0:8998}
18/09/06 10:06:41 DEBUG ContainerLifeCycle: ServerConnector@49ff7d8c{HTTP/1.1}{0.0.0.0:8998} added {sun.nio.ch.ServerSocketChannelImpl[/0.0.0.0:8998],POJO}
18/09/06 10:06:41 DEBUG AbstractLifeCycle: starting org.eclipse.jetty.util.thread.ScheduledExecutorScheduler@36328d33
18/09/06 10:06:41 DEBUG AbstractLifeCycle: STARTED @2031ms org.eclipse.jetty.util.thread.ScheduledExecutorScheduler@36328d33
18/09/06 10:06:41 DEBUG AbstractLifeCycle: starting HttpConnectionFactory@e57b96d{HTTP/1.1}
18/09/06 10:06:41 DEBUG AbstractLifeCycle: STARTED @2031ms HttpConnectionFactory@e57b96d{HTTP/1.1}
18/09/06 10:06:41 DEBUG AbstractLifeCycle: starting org.eclipse.jetty.server.ServerConnector$ServerConnectorManager@58be6e8
18/09/06 10:06:41 DEBUG AbstractLifeCycle: starting org.eclipse.jetty.io.SelectorManager$ManagedSelector@655f7ea keys=-1 selected=-1
18/09/06 10:06:41 DEBUG AbstractLifeCycle: STARTED @2036ms org.eclipse.jetty.io.SelectorManager$ManagedSelector@655f7ea keys=0 selected=0
18/09/06 10:06:41 DEBUG AbstractLifeCycle: starting org.eclipse.jetty.io.SelectorManager$ManagedSelector@3eeb318f keys=-1 selected=-1
18/09/06 10:06:41 DEBUG AbstractLifeCycle: STARTED @2036ms org.eclipse.jetty.io.SelectorManager$ManagedSelector@3eeb318f keys=0 selected=0
18/09/06 10:06:41 DEBUG AbstractLifeCycle: starting org.eclipse.jetty.io.SelectorManager$ManagedSelector@20a14b55 keys=-1 selected=-1
18/09/06 10:06:41 DEBUG AbstractLifeCycle: STARTED @2037ms org.eclipse.jetty.io.SelectorManager$ManagedSelector@20a14b55 keys=0 selected=0
18/09/06 10:06:41 DEBUG AbstractLifeCycle: starting org.eclipse.jetty.io.SelectorManager$ManagedSelector@39ad977d keys=-1 selected=-1
18/09/06 10:06:41 DEBUG AbstractLifeCycle: STARTED @2037ms org.eclipse.jetty.io.SelectorManager$ManagedSelector@39ad977d keys=0 selected=0
18/09/06 10:06:41 DEBUG SelectorManager: Starting Thread[qtp998062648-35-selector-ServerConnectorManager@58be6e8/0,5,main] on org.eclipse.jetty.io.SelectorManager$ManagedSelector@655f7ea keys=0 selected=0
18/09/06 10:06:41 DEBUG SelectorManager: Starting Thread[qtp998062648-37-selector-ServerConnectorManager@58be6e8/2,5,main] on org.eclipse.jetty.io.SelectorManager$ManagedSelector@20a14b55 keys=0 selected=0
18/09/06 10:06:41 DEBUG AbstractLifeCycle: STARTED @2037ms org.eclipse.jetty.server.ServerConnector$ServerConnectorManager@58be6e8
18/09/06 10:06:41 DEBUG SelectorManager: Starting Thread[qtp998062648-36-selector-ServerConnectorManager@58be6e8/1,5,main] on org.eclipse.jetty.io.SelectorManager$ManagedSelector@3eeb318f keys=0 selected=0
18/09/06 10:06:41 DEBUG SelectorManager: Starting Thread[qtp998062648-38-selector-ServerConnectorManager@58be6e8/3,5,main] on org.eclipse.jetty.io.SelectorManager$ManagedSelector@39ad977d keys=0 selected=0
18/09/06 10:06:41 DEBUG SelectorManager: Selector loop waiting on select
18/09/06 10:06:41 DEBUG SelectorManager: Selector loop waiting on select
18/09/06 10:06:41 DEBUG SelectorManager: Selector loop waiting on select
18/09/06 10:06:41 DEBUG SelectorManager: Selector loop waiting on select
18/09/06 10:06:41 DEBUG ContainerLifeCycle: ServerConnector@49ff7d8c{HTTP/1.1}{0.0.0.0:8998} added {acceptor-0@20f12539,POJO}
18/09/06 10:06:41 DEBUG ContainerLifeCycle: ServerConnector@49ff7d8c{HTTP/1.1}{0.0.0.0:8998} added {acceptor-1@75b25825,POJO}
18/09/06 10:06:41 DEBUG ContainerLifeCycle: ServerConnector@49ff7d8c{HTTP/1.1}{0.0.0.0:8998} added {acceptor-2@18025ced,POJO}
18/09/06 10:06:41 DEBUG ContainerLifeCycle: ServerConnector@49ff7d8c{HTTP/1.1}{0.0.0.0:8998} added {acceptor-3@13cf7d52,POJO}
18/09/06 10:06:41 INFO ServerConnector: Started ServerConnector@49ff7d8c{HTTP/1.1}{0.0.0.0:8998}
18/09/06 10:06:41 DEBUG AbstractLifeCycle: STARTED @2039ms ServerConnector@49ff7d8c{HTTP/1.1}{0.0.0.0:8998}
18/09/06 10:06:41 WARN AbstractLifeCycle: FAILED org.eclipse.jetty.server.Server@130e116b: javax.servlet.ServletException: org.apache.hadoop.security.authentication.client.AuthenticationException: javax.security.auth.login.LoginException: No key to store
javax.servlet.ServletException: org.apache.hadoop.security.authentication.client.AuthenticationException: javax.security.auth.login.LoginException: No key to store
	at org.apache.hadoop.security.authentication.server.KerberosAuthenticationHandler.init(KerberosAuthenticationHandler.java:240)
	at org.apache.hadoop.security.authentication.server.AuthenticationFilter.initializeAuthHandler(AuthenticationFilter.java:237)
	at org.apache.hadoop.security.authentication.server.AuthenticationFilter.init(AuthenticationFilter.java:226)
	at org.eclipse.jetty.servlet.FilterHolder.initialize(FilterHolder.java:138)
	at org.eclipse.jetty.servlet.ServletHandler.initialize(ServletHandler.java:852)
	at org.eclipse.jetty.servlet.ServletContextHandler.startContext(ServletContextHandler.java:298)
	at org.eclipse.jetty.server.handler.ContextHandler.doStart(ContextHandler.java:741)
	at org.eclipse.jetty.util.component.AbstractLifeCycle.start(AbstractLifeCycle.java:68)
	at org.eclipse.jetty.util.component.ContainerLifeCycle.start(ContainerLifeCycle.java:132)
	at org.eclipse.jetty.util.component.ContainerLifeCycle.doStart(ContainerLifeCycle.java:114)
	at org.eclipse.jetty.server.handler.AbstractHandler.doStart(AbstractHandler.java:61)
	at org.eclipse.jetty.util.component.AbstractLifeCycle.start(AbstractLifeCycle.java:68)
	at org.eclipse.jetty.util.component.ContainerLifeCycle.start(ContainerLifeCycle.java:132)
	at org.eclipse.jetty.server.Server.start(Server.java:387)
	at org.eclipse.jetty.util.component.ContainerLifeCycle.doStart(ContainerLifeCycle.java:114)
	at org.eclipse.jetty.server.handler.AbstractHandler.doStart(AbstractHandler.java:61)
	at org.eclipse.jetty.server.Server.doStart(Server.java:354)
	at org.eclipse.jetty.util.component.AbstractLifeCycle.start(AbstractLifeCycle.java:68)
	at org.apache.livy.server.WebServer.start(WebServer.scala:92)
	at org.apache.livy.server.LivyServer.start(LivyServer.scala:259)
	at org.apache.livy.server.LivyServer$.main(LivyServer.scala:339)
	at org.apache.livy.server.LivyServer.main(LivyServer.scala)
Caused by: org.apache.hadoop.security.authentication.client.AuthenticationException: javax.security.auth.login.LoginException: No key to store
	at org.apache.hadoop.security.authentication.server.KerberosAuthenticationHandler.init(KerberosAuthenticationHandler.java:224)
	... 21 more
Caused by: javax.security.auth.login.LoginException: No key to store
	at com.sun.security.auth.module.Krb5LoginModule.commit(Krb5LoginModule.java:1119)
	at sun.reflect.NativeMethodAccessorImpl.invoke0(Native Method)
	at sun.reflect.NativeMethodAccessorImpl.invoke(NativeMethodAccessorImpl.java:62)
	at sun.reflect.DelegatingMethodAccessorImpl.invoke(DelegatingMethodAccessorImpl.java:43)
	at java.lang.reflect.Method.invoke(Method.java:498)
	at javax.security.auth.login.LoginContext.invoke(LoginContext.java:755)
	at javax.security.auth.login.LoginContext.access$000(LoginContext.java:195)
	at javax.security.auth.login.LoginContext$4.run(LoginContext.java:682)
	at javax.security.auth.login.LoginContext$4.run(LoginContext.java:680)
	at java.security.AccessController.doPrivileged(Native Method)
	at javax.security.auth.login.LoginContext.invokePriv(LoginContext.java:680)
	at javax.security.auth.login.LoginContext.login(LoginContext.java:588)
	at org.apache.hadoop.security.authentication.server.KerberosAuthenticationHandler.init(KerberosAuthenticationHandler.java:221)
	... 21 more
18/09/06 10:06:41 DEBUG AbstractLifeCycle: stopping o.e.j.s.ServletContextHandler@31dadd46{/,file:/opt/livy-0.5.0-incubating-bin/bin/src/main/org/apache/livy/server,STARTING}
18/09/06 10:06:41 DEBUG AbstractHandler: stopping o.e.j.s.ServletContextHandler@31dadd46{/,file:/opt/livy-0.5.0-incubating-bin/bin/src/main/org/apache/livy/server,UNAVAILABLE}
18/09/06 10:06:41 DEBUG AbstractLifeCycle: stopping org.eclipse.jetty.servlet.ServletHandler@4ed5eb72
18/09/06 10:06:41 DEBUG AbstractHandler: stopping org.eclipse.jetty.servlet.ServletHandler@4ed5eb72
18/09/06 10:06:41 DEBUG AbstractLifeCycle: stopping org.apache.livy.server.AccessFilter-49d3c823
18/09/06 10:06:41 DEBUG AbstractLifeCycle: STOPPED org.apache.livy.server.AccessFilter-49d3c823
18/09/06 10:06:41 DEBUG AbstractLifeCycle: stopping org.apache.hadoop.security.authentication.server.AuthenticationFilter-7642df8f
18/09/06 10:06:41 DEBUG AbstractLifeCycle: STOPPED org.apache.hadoop.security.authentication.server.AuthenticationFilter-7642df8f
18/09/06 10:06:41 DEBUG AbstractLifeCycle: stopping org.eclipse.jetty.servlet.DefaultServlet-68b32e3e@26b99437==org.eclipse.jetty.servlet.DefaultServlet,-1,false
18/09/06 10:06:41 DEBUG AbstractLifeCycle: STOPPED org.eclipse.jetty.servlet.DefaultServlet-68b32e3e@26b99437==org.eclipse.jetty.servlet.DefaultServlet,-1,false
18/09/06 10:06:41 DEBUG AbstractLifeCycle: stopping org.apache.livy.server.LivyServer$$anon$1@a0e7808f==org.apache.livy.server.LivyServer$$anon$1,-1,true
18/09/06 10:06:41 DEBUG AbstractLifeCycle: STOPPED org.apache.livy.server.LivyServer$$anon$1@a0e7808f==org.apache.livy.server.LivyServer$$anon$1,-1,true
18/09/06 10:06:41 DEBUG AbstractLifeCycle: stopping com.codahale.metrics.servlets.AdminServlet@3724c045==com.codahale.metrics.servlets.AdminServlet,1,true
18/09/06 10:06:41 DEBUG AbstractLifeCycle: STOPPED com.codahale.metrics.servlets.AdminServlet@3724c045==com.codahale.metrics.servlets.AdminServlet,1,false
18/09/06 10:06:41 DEBUG AbstractLifeCycle: stopping org.apache.livy.server.LivyServer$$anon$3@a0e78091==org.apache.livy.server.LivyServer$$anon$3,-1,true
18/09/06 10:06:41 DEBUG AbstractLifeCycle: STOPPED org.apache.livy.server.LivyServer$$anon$3@a0e78091==org.apache.livy.server.LivyServer$$anon$3,-1,true
18/09/06 10:06:41 DEBUG AbstractLifeCycle: stopping org.apache.livy.server.LivyServer$$anon$2@a0e78090==org.apache.livy.server.LivyServer$$anon$2,-1,true
18/09/06 10:06:41 DEBUG AbstractLifeCycle: STOPPED org.apache.livy.server.LivyServer$$anon$2@a0e78090==org.apache.livy.server.LivyServer$$anon$2,-1,true
18/09/06 10:06:41 DEBUG AbstractLifeCycle: stopping org.apache.livy.server.ui.UIServlet@eb468eaa==org.apache.livy.server.ui.UIServlet,-1,true
18/09/06 10:06:41 DEBUG AbstractLifeCycle: STOPPED org.apache.livy.server.ui.UIServlet@eb468eaa==org.apache.livy.server.ui.UIServlet,-1,true
18/09/06 10:06:41 DEBUG AbstractLifeCycle: stopping org.apache.livy.server.batch.BatchSessionServlet@b8c77a42==org.apache.livy.server.batch.BatchSessionServlet,-1,true
18/09/06 10:06:41 DEBUG AbstractLifeCycle: STOPPED org.apache.livy.server.batch.BatchSessionServlet@b8c77a42==org.apache.livy.server.batch.BatchSessionServlet,-1,true
18/09/06 10:06:41 DEBUG AbstractLifeCycle: stopping org.apache.livy.server.interactive.InteractiveSessionServlet@4dadd512==org.apache.livy.server.interactive.InteractiveSessionServlet,-1,true
18/09/06 10:06:41 DEBUG AbstractLifeCycle: STOPPED org.apache.livy.server.interactive.InteractiveSessionServlet@4dadd512==org.apache.livy.server.interactive.InteractiveSessionServlet,-1,true
18/09/06 10:06:41 DEBUG AbstractLifeCycle: STOPPED org.eclipse.jetty.servlet.ServletHandler@4ed5eb72
18/09/06 10:06:41 DEBUG ContextHandler: contextDestroyed: javax.servlet.ServletContextEvent[source=ServletContext@o.e.j.s.ServletContextHandler@31dadd46{/,file:/opt/livy-0.5.0-incubating-bin/bin/src/main/org/apache/livy/server,UNAVAILABLE}]->org.apache.livy.server.LivyServer$$anon$4@10ded6a9
18/09/06 10:06:41 INFO ContextHandler: Stopped o.e.j.s.ServletContextHandler@31dadd46{/,file:/opt/livy-0.5.0-incubating-bin/bin/src/main/org/apache/livy/server,UNAVAILABLE}
18/09/06 10:06:41 DEBUG AbstractLifeCycle: STOPPED o.e.j.s.ServletContextHandler@31dadd46{/,file:/opt/livy-0.5.0-incubating-bin/bin/src/main/org/apache/livy/server,UNAVAILABLE}
18/09/06 10:06:41 DEBUG AbstractLifeCycle: stopping org.eclipse.jetty.server.Server@130e116b
18/09/06 10:06:41 DEBUG Server: Graceful shutdown org.eclipse.jetty.server.Server@130e116b by 
18/09/06 10:06:41 DEBUG AbstractLifeCycle: stopping ServerConnector@49ff7d8c{HTTP/1.1}{0.0.0.0:8998}
18/09/06 10:06:41 DEBUG AbstractLifeCycle: stopping org.eclipse.jetty.server.ServerConnector$ServerConnectorManager@58be6e8
18/09/06 10:06:41 DEBUG AbstractLifeCycle: stopping org.eclipse.jetty.io.SelectorManager$ManagedSelector@655f7ea keys=0 selected=0
18/09/06 10:06:41 DEBUG SelectorManager: Stopping org.eclipse.jetty.io.SelectorManager$ManagedSelector@655f7ea keys=0 selected=0
18/09/06 10:06:41 DEBUG SelectorManager: Queued change org.eclipse.jetty.io.SelectorManager$ManagedSelector$Stop@7516e4e5
18/09/06 10:06:41 DEBUG SelectorManager: Selector loop woken up from select, 0/0 selected
18/09/06 10:06:41 DEBUG SelectorManager: Running change org.eclipse.jetty.io.SelectorManager$ManagedSelector$Stop@7516e4e5
18/09/06 10:06:41 DEBUG SelectorManager: Stopped org.eclipse.jetty.io.SelectorManager$ManagedSelector@655f7ea keys=-1 selected=-1
18/09/06 10:06:41 DEBUG AbstractLifeCycle: STOPPED org.eclipse.jetty.io.SelectorManager$ManagedSelector@655f7ea keys=-1 selected=-1
18/09/06 10:06:41 DEBUG SelectorManager: Stopped Thread[qtp998062648-35-selector-ServerConnectorManager@58be6e8/0,5,main] on org.eclipse.jetty.io.SelectorManager$ManagedSelector@655f7ea keys=-1 selected=-1
18/09/06 10:06:41 DEBUG AbstractLifeCycle: stopping org.eclipse.jetty.io.SelectorManager$ManagedSelector@3eeb318f keys=0 selected=0
18/09/06 10:06:41 DEBUG SelectorManager: Stopping org.eclipse.jetty.io.SelectorManager$ManagedSelector@3eeb318f keys=0 selected=0
18/09/06 10:06:41 DEBUG SelectorManager: Queued change org.eclipse.jetty.io.SelectorManager$ManagedSelector$Stop@488eb7f2
18/09/06 10:06:41 DEBUG SelectorManager: Selector loop woken up from select, 0/0 selected
18/09/06 10:06:41 DEBUG SelectorManager: Running change org.eclipse.jetty.io.SelectorManager$ManagedSelector$Stop@488eb7f2
18/09/06 10:06:41 DEBUG SelectorManager: Stopped org.eclipse.jetty.io.SelectorManager$ManagedSelector@3eeb318f keys=-1 selected=-1
18/09/06 10:06:41 DEBUG AbstractLifeCycle: STOPPED org.eclipse.jetty.io.SelectorManager$ManagedSelector@3eeb318f keys=-1 selected=-1
18/09/06 10:06:41 DEBUG SelectorManager: Stopped Thread[qtp998062648-36-selector-ServerConnectorManager@58be6e8/1,5,main] on org.eclipse.jetty.io.SelectorManager$ManagedSelector@3eeb318f keys=-1 selected=-1
18/09/06 10:06:41 DEBUG AbstractLifeCycle: stopping org.eclipse.jetty.io.SelectorManager$ManagedSelector@20a14b55 keys=0 selected=0
18/09/06 10:06:41 DEBUG SelectorManager: Stopping org.eclipse.jetty.io.SelectorManager$ManagedSelector@20a14b55 keys=0 selected=0
18/09/06 10:06:41 DEBUG SelectorManager: Queued change org.eclipse.jetty.io.SelectorManager$ManagedSelector$Stop@5e81e5ac
18/09/06 10:06:41 DEBUG SelectorManager: Selector loop woken up from select, 0/0 selected
18/09/06 10:06:41 DEBUG SelectorManager: Running change org.eclipse.jetty.io.SelectorManager$ManagedSelector$Stop@5e81e5ac
18/09/06 10:06:41 DEBUG SelectorManager: Stopped org.eclipse.jetty.io.SelectorManager$ManagedSelector@20a14b55 keys=-1 selected=-1
18/09/06 10:06:41 DEBUG AbstractLifeCycle: STOPPED org.eclipse.jetty.io.SelectorManager$ManagedSelector@20a14b55 keys=-1 selected=-1
18/09/06 10:06:41 DEBUG SelectorManager: Stopped Thread[qtp998062648-37-selector-ServerConnectorManager@58be6e8/2,5,main] on org.eclipse.jetty.io.SelectorManager$ManagedSelector@20a14b55 keys=-1 selected=-1
18/09/06 10:06:41 DEBUG AbstractLifeCycle: stopping org.eclipse.jetty.io.SelectorManager$ManagedSelector@39ad977d keys=0 selected=0
18/09/06 10:06:41 DEBUG SelectorManager: Stopping org.eclipse.jetty.io.SelectorManager$ManagedSelector@39ad977d keys=0 selected=0
18/09/06 10:06:41 DEBUG SelectorManager: Queued change org.eclipse.jetty.io.SelectorManager$ManagedSelector$Stop@4189d70b
18/09/06 10:06:41 DEBUG SelectorManager: Selector loop woken up from select, 0/0 selected
18/09/06 10:06:41 DEBUG SelectorManager: Running change org.eclipse.jetty.io.SelectorManager$ManagedSelector$Stop@4189d70b
18/09/06 10:06:41 DEBUG SelectorManager: Stopped org.eclipse.jetty.io.SelectorManager$ManagedSelector@39ad977d keys=-1 selected=-1
18/09/06 10:06:41 DEBUG AbstractLifeCycle: STOPPED org.eclipse.jetty.io.SelectorManager$ManagedSelector@39ad977d keys=-1 selected=-1
18/09/06 10:06:41 DEBUG SelectorManager: Stopped Thread[qtp998062648-38-selector-ServerConnectorManager@58be6e8/3,5,main] on org.eclipse.jetty.io.SelectorManager$ManagedSelector@39ad977d keys=-1 selected=-1
18/09/06 10:06:41 DEBUG AbstractLifeCycle: STOPPED org.eclipse.jetty.server.ServerConnector$ServerConnectorManager@58be6e8
18/09/06 10:06:41 DEBUG AbstractLifeCycle: stopping HttpConnectionFactory@e57b96d{HTTP/1.1}
18/09/06 10:06:41 DEBUG AbstractLifeCycle: STOPPED HttpConnectionFactory@e57b96d{HTTP/1.1}
18/09/06 10:06:41 DEBUG AbstractLifeCycle: stopping org.eclipse.jetty.util.thread.ScheduledExecutorScheduler@36328d33
18/09/06 10:06:41 DEBUG AbstractLifeCycle: STOPPED org.eclipse.jetty.util.thread.ScheduledExecutorScheduler@36328d33
18/09/06 10:06:41 INFO ServerConnector: Stopped ServerConnector@49ff7d8c{HTTP/1.1}{0.0.0.0:8998}
18/09/06 10:06:41 DEBUG AbstractLifeCycle: STOPPED ServerConnector@49ff7d8c{HTTP/1.1}{0.0.0.0:8998}
18/09/06 10:06:41 DEBUG AbstractHandler: stopping org.eclipse.jetty.server.Server@130e116b
18/09/06 10:06:41 DEBUG AbstractLifeCycle: stopping qtp998062648{STARTED,8<=9<=200,i=9,q=0}
18/09/06 10:06:41 DEBUG AbstractLifeCycle: STOPPED qtp998062648{STOPPED,8<=9<=200,i=0,q=0}
18/09/06 10:06:41 DEBUG AbstractLifeCycle: STOPPED org.eclipse.jetty.server.Server@130e116b
Exception in thread "main" javax.servlet.ServletException: org.apache.hadoop.security.authentication.client.AuthenticationException: javax.security.auth.login.LoginException: No key to store
	at org.apache.hadoop.security.authentication.server.KerberosAuthenticationHandler.init(KerberosAuthenticationHandler.java:240)
	at org.apache.hadoop.security.authentication.server.AuthenticationFilter.initializeAuthHandler(AuthenticationFilter.java:237)
	at org.apache.hadoop.security.authentication.server.AuthenticationFilter.init(AuthenticationFilter.java:226)
	at org.eclipse.jetty.servlet.FilterHolder.initialize(FilterHolder.java:138)
	at org.eclipse.jetty.servlet.ServletHandler.initialize(ServletHandler.java:852)
	at org.eclipse.jetty.servlet.ServletContextHandler.startContext(ServletContextHandler.java:298)
	at org.eclipse.jetty.server.handler.ContextHandler.doStart(ContextHandler.java:741)
	at org.eclipse.jetty.util.component.AbstractLifeCycle.start(AbstractLifeCycle.java:68)
	at org.eclipse.jetty.util.component.ContainerLifeCycle.start(ContainerLifeCycle.java:132)
	at org.eclipse.jetty.util.component.ContainerLifeCycle.doStart(ContainerLifeCycle.java:114)
	at org.eclipse.jetty.server.handler.AbstractHandler.doStart(AbstractHandler.java:61)
	at org.eclipse.jetty.util.component.AbstractLifeCycle.start(AbstractLifeCycle.java:68)
	at org.eclipse.jetty.util.component.ContainerLifeCycle.start(ContainerLifeCycle.java:132)
	at org.eclipse.jetty.server.Server.start(Server.java:387)
	at org.eclipse.jetty.util.component.ContainerLifeCycle.doStart(ContainerLifeCycle.java:114)
	at org.eclipse.jetty.server.handler.AbstractHandler.doStart(AbstractHandler.java:61)
	at org.eclipse.jetty.server.Server.doStart(Server.java:354)
	at org.eclipse.jetty.util.component.AbstractLifeCycle.start(AbstractLifeCycle.java:68)
	at org.apache.livy.server.WebServer.start(WebServer.scala:92)
	at org.apache.livy.server.LivyServer.start(LivyServer.scala:259)
	at org.apache.livy.server.LivyServer$.main(LivyServer.scala:339)
	at org.apache.livy.server.LivyServer.main(LivyServer.scala)
Caused by: org.apache.hadoop.security.authentication.client.AuthenticationException: javax.security.auth.login.LoginException: No key to store
	at org.apache.hadoop.security.authentication.server.KerberosAuthenticationHandler.init(KerberosAuthenticationHandler.java:224)
	... 21 more
Caused by: javax.security.auth.login.LoginException: No key to store
	at com.sun.security.auth.module.Krb5LoginModule.commit(Krb5LoginModule.java:1119)
	at sun.reflect.NativeMethodAccessorImpl.invoke0(Native Method)
	at sun.reflect.NativeMethodAccessorImpl.invoke(NativeMethodAccessorImpl.java:62)
	at sun.reflect.DelegatingMethodAccessorImpl.invoke(DelegatingMethodAccessorImpl.java:43)
	at java.lang.reflect.Method.invoke(Method.java:498)
	at javax.security.auth.login.LoginContext.invoke(LoginContext.java:755)
	at javax.security.auth.login.LoginContext.access$000(LoginContext.java:195)
	at javax.security.auth.login.LoginContext$4.run(LoginContext.java:682)
	at javax.security.auth.login.LoginContext$4.run(LoginContext.java:680)
	at java.security.AccessController.doPrivileged(Native Method)
	at javax.security.auth.login.LoginContext.invokePriv(LoginContext.java:680)
	at javax.security.auth.login.LoginContext.login(LoginContext.java:588)
	at org.apache.hadoop.security.authentication.server.KerberosAuthenticationHandler.init(KerberosAuthenticationHandler.java:221)
	... 21 more
